Configuration file: /Users/hiogawa/repositories/github_public/myblog/_config.yml
            Source: /Users/hiogawa/repositories/github_public/myblog
       Destination: /Users/hiogawa/repositories/github_public/myblog/_site
      Generating... 
                    done.
 Auto-regeneration: enabled for '/Users/hiogawa/repositories/github_public/myblog'
Configuration file: /Users/hiogawa/repositories/github_public/myblog/_config.yml
    Server address: http://127.0.0.1:4000/
  Server running... press ctrl-c to stop.
Configuration file: /Users/hiogawa/repositories/github_public/myblog/_config.yml
            Source: /Users/hiogawa/repositories/github_public/myblog
       Destination: /Users/hiogawa/repositories/github_public/myblog/_site
      Generating... 
                    done.
 Auto-regeneration: enabled for '/Users/hiogawa/repositories/github_public/myblog'
Configuration file: /Users/hiogawa/repositories/github_public/myblog/_config.yml
    Server address: http://127.0.0.1:4000/
  Server running... press ctrl-c to stop.
Configuration file: /Users/hiogawa/repositories/github_public/myblog/_config.yml
            Source: /Users/hiogawa/repositories/github_public/myblog
       Destination: /Users/hiogawa/repositories/github_public/myblog/_site
      Generating... 
                    done.
 Auto-regeneration: enabled for '/Users/hiogawa/repositories/github_public/myblog'
Configuration file: /Users/hiogawa/repositories/github_public/myblog/_config.yml
    Server address: http://127.0.0.1:4000/
  Server running... press ctrl-c to stop.
Configuration file: /Users/hiogawa/repositories/github_public/myblog/_config.yml
            Source: /Users/hiogawa/repositories/github_public/myblog
       Destination: /Users/hiogawa/repositories/github_public/myblog/_site
      Generating... 
                    done.
 Auto-regeneration: enabled for '/Users/hiogawa/repositories/github_public/myblog'
Configuration file: /Users/hiogawa/repositories/github_public/myblog/_config.yml
    Server address: http://127.0.0.1:4000/
  Server running... press ctrl-c to stop.
Configuration file: /Users/hiogawa/repositories/github_public/myblog/_config.yml
            Source: /Users/hiogawa/repositories/github_public/myblog
       Destination: /Users/hiogawa/repositories/github_public/myblog/_site
      Generating... 
                    done.
 Auto-regeneration: enabled for '/Users/hiogawa/repositories/github_public/myblog'
Configuration file: /Users/hiogawa/repositories/github_public/myblog/_config.yml
Configuration file: /Users/hiogawa/repositories/github_public/myblog/_config.yml
    Server address: http://127.0.0.1:4000/
  Server running... press ctrl-c to stop.
            Source: /Users/hiogawa/repositories/github_public/myblog
       Destination: /Users/hiogawa/repositories/github_public/myblog/_site
      Generating... 
                    done.
 Auto-regeneration: enabled for '/Users/hiogawa/repositories/github_public/myblog'
Configuration file: /Users/hiogawa/repositories/github_public/myblog/_config.yml
jekyll 2.5.3 | Error:  Address already in use - bind(2) for 127.0.0.1:4000
Configuration file: /Users/hiogawa/repositories/github_public/myblog/_config.yml
            Source: /Users/hiogawa/repositories/github_public/myblog
       Destination: /Users/hiogawa/repositories/github_public/myblog/_site
      Generating... 
                    done.
 Auto-regeneration: enabled for '/Users/hiogawa/repositories/github_public/myblog'
Configuration file: /Users/hiogawa/repositories/github_public/myblog/_config.yml
    Server address: http://127.0.0.1:4000/
  Server running... press ctrl-c to stop.
Configuration file: /Users/hiogawa/repositories/github_public/myblog/_config.yml
            Source: /Users/hiogawa/repositories/github_public/myblog
       Destination: /Users/hiogawa/repositories/github_public/myblog/_site
      Generating... 
                    done.
 Auto-regeneration: enabled for '/Users/hiogawa/repositories/github_public/myblog'
Configuration file: /Users/hiogawa/repositories/github_public/myblog/_config.yml
    Server address: http://127.0.0.1:4000/
  Server running... press ctrl-c to stop.
Configuration file: /Users/hiogawa/repositories/github_public/myblog/_config.yml
            Source: /Users/hiogawa/repositories/github_public/myblog
       Destination: /Users/hiogawa/repositories/github_public/myblog/_site
      Generating... 
                    done.
 Auto-regeneration: enabled for '/Users/hiogawa/repositories/github_public/myblog'
Configuration file: /Users/hiogawa/repositories/github_public/myblog/_config.yml
    Server address: http://127.0.0.1:4000/
  Server running... press ctrl-c to stop.
      Regenerating: 1 file(s) changed at 2015-07-24 22:47:19 ...done in 0.910744 seconds.
      Regenerating: 2 file(s) changed at 2015-07-24 22:47:45 ...done in 0.832279 seconds.
      Regenerating: 2 file(s) changed at 2015-07-24 22:47:52 ...done in 0.867772 seconds.
      Regenerating: 1 file(s) changed at 2015-07-24 22:48:03 ...done in 0.822545 seconds.
      Regenerating: 3 file(s) changed at 2015-07-24 22:48:04 ...done in 0.849649 seconds.
      Regenerating: 1 file(s) changed at 2015-07-24 22:48:05 ...done in 0.864558 seconds.
      Regenerating: 2 file(s) changed at 2015-07-24 22:48:12 ...done in 0.887969 seconds.
      Regenerating: 1 file(s) changed at 2015-07-24 22:48:13 ...done in 0.867743 seconds.
      Regenerating: 2 file(s) changed at 2015-07-24 22:48:16 ...done in 0.877142 seconds.
      Regenerating: 1 file(s) changed at 2015-07-24 22:48:17 ...done in 0.910959 seconds.
      Regenerating: 2 file(s) changed at 2015-07-24 22:48:18 ...done in 0.914567 seconds.
      Regenerating: 2 file(s) changed at 2015-07-24 22:48:32 ...done in 0.846096 seconds.
      Regenerating: 1 file(s) changed at 2015-07-24 22:48:32 ...done in 0.891938 seconds.
      Regenerating: 2 file(s) changed at 2015-07-24 22:48:35 ...done in 0.96007 seconds.
      Regenerating: 2 file(s) changed at 2015-07-24 22:49:46 ...error:
[33m             Error: Invalid date '': Post '/_drafts/2015-07-21-to-do.md' does not have a valid date in the YAML front matter.[0m
[33m             Error: Run jekyll build --trace for more information.[0m
      Regenerating: 2 file(s) changed at 2015-07-24 22:49:57 ...done in 0.881083 seconds.
      Regenerating: 1 file(s) changed at 2015-07-24 22:50:41 ...done in 0.897923 seconds.
      Regenerating: 1 file(s) changed at 2015-07-24 22:51:21 ...done in 0.870229 seconds.
      Regenerating: 1 file(s) changed at 2015-07-24 22:51:21 ...done in 0.915962 seconds.
      Regenerating: 2 file(s) changed at 2015-07-24 22:51:22 ...done in 0.913536 seconds.
      Regenerating: 2 file(s) changed at 2015-07-24 22:51:24 ...done in 0.888571 seconds.
      Regenerating: 2 file(s) changed at 2015-07-24 22:51:47 ...done in 0.861612 seconds.
      Regenerating: 1 file(s) changed at 2015-07-24 22:51:48 ...done in 0.860796 seconds.
      Regenerating: 2 file(s) changed at 2015-07-24 22:52:00 [31m  Liquid Exception: Could not parse name of post "" in tag 'post_url'. Make sure the post exists and the name is correct. in _drafts/2015-07-21-to-do.md[0m
...error:
[33m             Error: Could not parse name of post "" in tag 'post_url'. Make sure the post exists and the name is correct. [0m
[33m             Error: Run jekyll build --trace for more information.[0m
      Regenerating: 2 file(s) changed at 2015-07-24 22:52:19 ...done in 0.872799 seconds.
      Regenerating: 1 file(s) changed at 2015-07-24 22:52:51 ...done in 0.858741 seconds.
      Regenerating: 2 file(s) changed at 2015-07-24 22:53:14 ...done in 0.864316 seconds.
      Regenerating: 2 file(s) changed at 2015-07-24 22:53:52 ...done in 0.868897 seconds.
      Regenerating: 2 file(s) changed at 2015-07-24 22:53:53 ...done in 0.901361 seconds.
      Regenerating: 1 file(s) changed at 2015-07-24 22:53:54 ...done in 0.887942 seconds.
      Regenerating: 1 file(s) changed at 2015-07-24 22:54:02 ...done in 0.887572 seconds.
      Regenerating: 3 file(s) changed at 2015-07-24 22:54:04 ...done in 0.911108 seconds.
      Regenerating: 1 file(s) changed at 2015-07-24 22:54:05 ...done in 0.923589 seconds.
      Regenerating: 2 file(s) changed at 2015-07-24 22:54:07 ...done in 0.88764 seconds.
      Regenerating: 2 file(s) changed at 2015-07-24 22:54:19 ...done in 0.918768 seconds.
      Regenerating: 2 file(s) changed at 2015-07-24 22:54:44 ...done in 0.98239 seconds.
      Regenerating: 1 file(s) changed at 2015-07-24 22:54:45 ...done in 0.839647 seconds.
      Regenerating: 2 file(s) changed at 2015-07-24 22:54:46 ...done in 0.897144 seconds.
      Regenerating: 2 file(s) changed at 2015-07-24 22:54:56 ...done in 0.896564 seconds.
      Regenerating: 1 file(s) changed at 2015-07-24 22:54:57 ...done in 0.910508 seconds.
      Regenerating: 2 file(s) changed at 2015-07-24 22:55:03 ...done in 0.876254 seconds.
      Regenerating: 1 file(s) changed at 2015-07-24 22:55:04 ...done in 0.89869 seconds.
      Regenerating: 2 file(s) changed at 2015-07-24 22:55:05 ...done in 0.943374 seconds.
      Regenerating: 1 file(s) changed at 2015-07-24 22:55:06 ...done in 0.917725 seconds.
      Regenerating: 2 file(s) changed at 2015-07-24 22:55:07 ...done in 1.109955 seconds.
      Regenerating: 2 file(s) changed at 2015-07-24 22:55:15 ...done in 0.826302 seconds.
      Regenerating: 2 file(s) changed at 2015-07-24 22:55:19 ...done in 0.852612 seconds.
      Regenerating: 1 file(s) changed at 2015-07-24 22:55:46 ...done in 0.904453 seconds.
      Regenerating: 1 file(s) changed at 2015-07-24 22:56:28 ...done in 0.847374 seconds.
      Regenerating: 3 file(s) changed at 2015-07-24 22:56:33 ...done in 0.85919 seconds.
      Regenerating: 1 file(s) changed at 2015-07-24 22:56:34 ...done in 0.86635 seconds.
      Regenerating: 2 file(s) changed at 2015-07-24 22:56:47 ...done in 0.842631 seconds.
      Regenerating: 1 file(s) changed at 2015-07-24 22:57:59 ...done in 0.868838 seconds.
      Regenerating: 2 file(s) changed at 2015-07-24 22:58:00 ...done in 0.882397 seconds.
      Regenerating: 1 file(s) changed at 2015-07-24 22:58:04 ...done in 0.914079 seconds.
      Regenerating: 2 file(s) changed at 2015-07-24 22:58:11 ...done in 0.84021 seconds.
      Regenerating: 1 file(s) changed at 2015-07-24 22:58:12 ...done in 0.880849 seconds.
      Regenerating: 2 file(s) changed at 2015-07-24 22:58:14 ...done in 0.890705 seconds.
      Regenerating: 2 file(s) changed at 2015-07-24 22:58:19 ...done in 0.884868 seconds.
      Regenerating: 1 file(s) changed at 2015-07-24 22:58:20 ...done in 0.874561 seconds.
      Regenerating: 2 file(s) changed at 2015-07-24 22:58:21 ...done in 0.886977 seconds.
      Regenerating: 1 file(s) changed at 2015-07-24 22:58:22 ...done in 0.910398 seconds.
      Regenerating: 2 file(s) changed at 2015-07-24 22:58:32 ...done in 0.846697 seconds.
      Regenerating: 1 file(s) changed at 2015-07-24 22:58:33 ...done in 0.87661 seconds.
      Regenerating: 2 file(s) changed at 2015-07-24 22:58:34 ...done in 0.953505 seconds.
      Regenerating: 1 file(s) changed at 2015-07-24 22:58:54 ...done in 0.923935 seconds.
      Regenerating: 1 file(s) changed at 2015-07-24 22:58:55 ...done in 0.893252 seconds.
      Regenerating: 2 file(s) changed at 2015-07-24 23:10:32 ...done in 1.043829 seconds.
      Regenerating: 2 file(s) changed at 2015-07-24 23:11:40 ...done in 0.937102 seconds.
      Regenerating: 2 file(s) changed at 2015-07-24 23:11:54 ...done in 1.158353 seconds.
      Regenerating: 2 file(s) changed at 2015-07-24 23:17:28 ...done in 1.048642 seconds.
      Regenerating: 2 file(s) changed at 2015-07-24 23:17:33 ...done in 0.940242 seconds.
      Regenerating: 2 file(s) changed at 2015-07-24 23:17:37 ...done in 0.905913 seconds.
      Regenerating: 2 file(s) changed at 2015-07-24 23:17:39 ...done in 0.926507 seconds.
      Regenerating: 2 file(s) changed at 2015-07-24 23:17:44 ...done in 0.936511 seconds.
      Regenerating: 2 file(s) changed at 2015-07-24 23:17:49 ...done in 0.935812 seconds.
      Regenerating: 2 file(s) changed at 2015-07-24 23:17:52 ...done in 0.919044 seconds.
      Regenerating: 2 file(s) changed at 2015-07-24 23:19:04 [31m  Conversion error: Jekyll::Converters::Scss encountered an error while converting 'css/main.scss':[0m
[31m                    Invalid CSS after " "tag-box"": expected selector or at-rule, was ""tag-box""[0m
...error:
[33m             Error: Invalid CSS after " "tag-box"": expected selector or at-rule, was ""tag-box""[0m
[33m             Error: Run jekyll build --trace for more information.[0m
      Regenerating: 2 file(s) changed at 2015-07-24 23:19:11 [31m  Conversion error: Jekyll::Converters::Scss encountered an error while converting 'css/main.scss':[0m
[31m                    Invalid CSS after " "tag-box"": expected selector or at-rule, was ""my-style""[0m
...error:
[33m             Error: Invalid CSS after " "tag-box"": expected selector or at-rule, was ""my-style""[0m
[33m             Error: Run jekyll build --trace for more information.[0m
      Regenerating: 2 file(s) changed at 2015-07-24 23:19:18 [31m  Conversion error: Jekyll::Converters::Scss encountered an error while converting 'css/main.scss':[0m
[31m                    Invalid CSS after " "tag-box"": expected selector or at-rule, was ""my-style""[0m
...error:
[33m             Error: Invalid CSS after " "tag-box"": expected selector or at-rule, was ""my-style""[0m
[33m             Error: Run jekyll build --trace for more information.[0m
      Regenerating: 1 file(s) changed at 2015-07-24 23:19:54 ...done in 1.095897 seconds.
      Regenerating: 1 file(s) changed at 2015-07-24 23:19:55 ...done in 0.971868 seconds.
      Regenerating: 1 file(s) changed at 2015-07-24 23:20:54 ...done in 0.996625 seconds.
      Regenerating: 3 file(s) changed at 2015-07-24 23:20:55 ...done in 1.171331 seconds.
      Regenerating: 1 file(s) changed at 2015-07-24 23:21:32 ...done in 1.028453 seconds.
      Regenerating: 1 file(s) changed at 2015-07-24 23:21:34 ...done in 1.1753 seconds.
      Regenerating: 2 file(s) changed at 2015-07-24 23:21:40 ...done in 1.020381 seconds.
      Regenerating: 1 file(s) changed at 2015-07-24 23:21:41 ...done in 1.12974 seconds.
      Regenerating: 2 file(s) changed at 2015-07-24 23:23:08 WARNING on line 4 of /Users/hiogawa/repositories/github_public/myblog/_sass/_my-style.sass:
This selector doesn't have any properties and will not be rendered.
...done in 1.03968 seconds.
      Regenerating: 2 file(s) changed at 2015-07-24 23:23:09 ...done in 1.022423 seconds.
      Regenerating: 2 file(s) changed at 2015-07-24 23:23:10 ...done in 1.082364 seconds.
      Regenerating: 1 file(s) changed at 2015-07-24 23:23:11 ...done in 1.108121 seconds.
      Regenerating: 2 file(s) changed at 2015-07-24 23:23:19 ...done in 0.960113 seconds.
      Regenerating: 1 file(s) changed at 2015-07-24 23:23:20 ...done in 1.026848 seconds.
      Regenerating: 2 file(s) changed at 2015-07-24 23:26:38 ...done in 1.096928 seconds.
      Regenerating: 1 file(s) changed at 2015-07-24 23:26:40 ...done in 0.968014 seconds.
      Regenerating: 2 file(s) changed at 2015-07-24 23:28:29 ...done in 1.019677 seconds.
      Regenerating: 1 file(s) changed at 2015-07-24 23:28:30 ...done in 0.980563 seconds.
      Regenerating: 1 file(s) changed at 2015-07-24 23:28:31 ...done in 0.999905 seconds.
      Regenerating: 2 file(s) changed at 2015-07-24 23:28:36 WARNING on line 6 of /Users/hiogawa/repositories/github_public/myblog/_sass/_my-style.sass:
This selector doesn't have any properties and will not be rendered.
...done in 1.042198 seconds.
      Regenerating: 1 file(s) changed at 2015-07-24 23:28:37 ...done in 1.041016 seconds.
      Regenerating: 2 file(s) changed at 2015-07-24 23:31:02 [31m  Conversion error: Jekyll::Converters::Scss encountered an error while converting 'css/main.scss':[0m
[31m                    Invalid property: "max-width:" (no value).[0m
...error:
[33m             Error: Invalid property: "max-width:" (no value).[0m
[33m             Error: Run jekyll build --trace for more information.[0m
      Regenerating: 2 file(s) changed at 2015-07-24 23:31:03 [31m  Conversion error: Jekyll::Converters::Scss encountered an error while converting 'css/main.scss':[0m
[31m                    Invalid property: "max-width:" (no value).[0m
...error:
[33m             Error: Invalid property: "max-width:" (no value).[0m
[33m             Error: Run jekyll build --trace for more information.[0m
      Regenerating: 2 file(s) changed at 2015-07-24 23:31:06 ...done in 1.0933 seconds.
      Regenerating: 1 file(s) changed at 2015-07-24 23:31:07 ...done in 1.044051 seconds.
      Regenerating: 2 file(s) changed at 2015-07-24 23:31:41 ...done in 0.983688 seconds.
      Regenerating: 1 file(s) changed at 2015-07-24 23:31:42 ...done in 1.237589 seconds.
      Regenerating: 1 file(s) changed at 2015-07-24 23:32:06 ...done in 0.969543 seconds.
      Regenerating: 1 file(s) changed at 2015-07-24 23:32:07 ...done in 1.375997 seconds.
      Regenerating: 2 file(s) changed at 2015-07-24 23:32:26 ...done in 0.954423 seconds.
      Regenerating: 1 file(s) changed at 2015-07-24 23:32:27 ...done in 1.313081 seconds.
      Regenerating: 2 file(s) changed at 2015-07-24 23:35:48 ...done in 1.335947 seconds.
      Regenerating: 1 file(s) changed at 2015-07-24 23:41:06 ...done in 1.007161 seconds.
      Regenerating: 1 file(s) changed at 2015-07-24 23:41:07 ...done in 1.073361 seconds.
      Regenerating: 2 file(s) changed at 2015-07-24 23:41:10 WARNING on line 7 of /Users/hiogawa/repositories/github_public/myblog/_sass/_my-style.sass:
This selector doesn't have any properties and will not be rendered.
[31m  Conversion error: Jekyll::Converters::Scss encountered an error while converting 'css/main.scss':[0m
[31m                    Invalid CSS after ".": expected class name, was ""[0m
...error:
[33m             Error: Invalid CSS after ".": expected class name, was ""[0m
[33m             Error: Run jekyll build --trace for more information.[0m
      Regenerating: 1 file(s) changed at 2015-07-24 23:41:11 [31m  Conversion error: Jekyll::Converters::Scss encountered an error while converting 'css/main.scss':[0m
[31m                    Invalid CSS after ".": expected class name, was ""[0m
...error:
[33m             Error: Invalid CSS after ".": expected class name, was ""[0m
[33m             Error: Run jekyll build --trace for more information.[0m
      Regenerating: 2 file(s) changed at 2015-07-24 23:41:21 WARNING on line 8 of /Users/hiogawa/repositories/github_public/myblog/_sass/_my-style.sass:
This selector doesn't have any properties and will not be rendered.
[31m  Conversion error: Jekyll::Converters::Scss encountered an error while converting 'css/main.scss':[0m
[31m                    Invalid CSS after ".": expected class name, was ""[0m
...error:
[33m             Error: Invalid CSS after ".": expected class name, was ""[0m
[33m             Error: Run jekyll build --trace for more information.[0m
      Regenerating: 1 file(s) changed at 2015-07-24 23:41:22 [31m  Conversion error: Jekyll::Converters::Scss encountered an error while converting 'css/main.scss':[0m
[31m                    Invalid CSS after ".": expected class name, was ""[0m
...error:
[33m             Error: Invalid CSS after ".": expected class name, was ""[0m
[33m             Error: Run jekyll build --trace for more information.[0m
      Regenerating: 2 file(s) changed at 2015-07-24 23:41:31 WARNING on line 8 of /Users/hiogawa/repositories/github_public/myblog/_sass/_my-style.sass:
This selector doesn't have any properties and will not be rendered.
[31m  Conversion error: Jekyll::Converters::Scss encountered an error while converting 'css/main.scss':[0m
[31m                    Invalid CSS after "display": expected selector, was "; none"[0m
...error:
[33m             Error: Invalid CSS after "display": expected selector, was "; none"[0m
[33m             Error: Run jekyll build --trace for more information.[0m
      Regenerating: 1 file(s) changed at 2015-07-24 23:41:32 [31m  Conversion error: Jekyll::Converters::Scss encountered an error while converting 'css/main.scss':[0m
[31m                    Invalid CSS after "display": expected selector, was "; none"[0m
...error:
[33m             Error: Invalid CSS after "display": expected selector, was "; none"[0m
[33m             Error: Run jekyll build --trace for more information.[0m
      Regenerating: 2 file(s) changed at 2015-07-24 23:41:43 WARNING on line 8 of /Users/hiogawa/repositories/github_public/myblog/_sass/_my-style.sass:
This selector doesn't have any properties and will not be rendered.
[31m  Conversion error: Jekyll::Converters::Scss encountered an error while converting 'css/main.scss':[0m
[31m                    Invalid CSS after "display": expected selector, was "; none"[0m
...error:
[33m             Error: Invalid CSS after "display": expected selector, was "; none"[0m
[33m             Error: Run jekyll build --trace for more information.[0m
      Regenerating: 1 file(s) changed at 2015-07-24 23:41:44 WARNING on line 8 of /Users/hiogawa/repositories/github_public/myblog/_sass/_my-style.sass:
This selector doesn't have any properties and will not be rendered.
[31m  Conversion error: Jekyll::Converters::Scss encountered an error while converting 'css/main.scss':[0m
[31m                    Invalid CSS after "display": expected selector, was "; none"[0m
...error:
[33m             Error: Invalid CSS after "display": expected selector, was "; none"[0m
[33m             Error: Run jekyll build --trace for more information.[0m
      Regenerating: 3 file(s) changed at 2015-07-24 23:41:45 [31m  Conversion error: Jekyll::Converters::Scss encountered an error while converting 'css/main.scss':[0m
[31m                    Invalid CSS after "display": expected selector, was "; none"[0m
...error:
[33m             Error: Invalid CSS after "display": expected selector, was "; none"[0m
[33m             Error: Run jekyll build --trace for more information.[0m
      Regenerating: 1 file(s) changed at 2015-07-24 23:41:46 [31m  Conversion error: Jekyll::Converters::Scss encountered an error while converting 'css/main.scss':[0m
[31m                    Invalid CSS after "display": expected selector, was "; none"[0m
...error:
[33m             Error: Invalid CSS after "display": expected selector, was "; none"[0m
[33m             Error: Run jekyll build --trace for more information.[0m
      Regenerating: 1 file(s) changed at 2015-07-24 23:41:46 [31m  Conversion error: Jekyll::Converters::Scss encountered an error while converting 'css/main.scss':[0m
[31m                    Invalid CSS after "display": expected selector, was "; none"[0m
...error:
[33m             Error: Invalid CSS after "display": expected selector, was "; none"[0m
[33m             Error: Run jekyll build --trace for more information.[0m
      Regenerating: 2 file(s) changed at 2015-07-24 23:41:48 WARNING on line 8 of /Users/hiogawa/repositories/github_public/myblog/_sass/_my-style.sass:
This selector doesn't have any properties and will not be rendered.
[31m  Conversion error: Jekyll::Converters::Scss encountered an error while converting 'css/main.scss':[0m
[31m                    Invalid CSS after "display": expected selector, was "; none"[0m
...error:
[33m             Error: Invalid CSS after "display": expected selector, was "; none"[0m
[33m             Error: Run jekyll build --trace for more information.[0m
      Regenerating: 1 file(s) changed at 2015-07-24 23:41:49 [31m  Conversion error: Jekyll::Converters::Scss encountered an error while converting 'css/main.scss':[0m
[31m                    Invalid CSS after "display": expected selector, was "; none"[0m
...error:
[33m             Error: Invalid CSS after "display": expected selector, was "; none"[0m
[33m             Error: Run jekyll build --trace for more information.[0m
      Regenerating: 2 file(s) changed at 2015-07-24 23:41:52 ...done in 1.144406 seconds.
      Regenerating: 1 file(s) changed at 2015-07-24 23:41:53 ...done in 1.034948 seconds.
      Regenerating: 2 file(s) changed at 2015-07-24 23:41:59 [31m  Conversion error: Jekyll::Converters::Scss encountered an error while converting 'css/main.scss':[0m
[31m                    Invalid mixin include "@include".[0m
...error:
[33m             Error: Invalid mixin include "@include".[0m
[33m             Error: Run jekyll build --trace for more information.[0m
      Regenerating: 1 file(s) changed at 2015-07-24 23:42:00 [31m  Conversion error: Jekyll::Converters::Scss encountered an error while converting 'css/main.scss':[0m
[31m                    Invalid mixin include "@include".[0m
...error:
[33m             Error: Invalid mixin include "@include".[0m
[33m             Error: Run jekyll build --trace for more information.[0m
      Regenerating: 2 file(s) changed at 2015-07-24 23:42:17 [31m  Conversion error: Jekyll::Converters::Scss encountered an error while converting 'css/main.scss':[0m
[31m                    Mixin media-query is missing argument $device.[0m
...error:
[33m             Error: Mixin media-query is missing argument $device.[0m
[33m             Error: Run jekyll build --trace for more information.[0m
      Regenerating: 1 file(s) changed at 2015-07-24 23:42:18 [31m  Conversion error: Jekyll::Converters::Scss encountered an error while converting 'css/main.scss':[0m
[31m                    Mixin media-query is missing argument $device.[0m
...error:
[33m             Error: Mixin media-query is missing argument $device.[0m
[33m             Error: Run jekyll build --trace for more information.[0m
      Regenerating: 1 file(s) changed at 2015-07-24 23:42:19 [31m  Conversion error: Jekyll::Converters::Scss encountered an error while converting 'css/main.scss':[0m
[31m                    Mixin media-query is missing argument $device.[0m
...error:
[33m             Error: Mixin media-query is missing argument $device.[0m
[33m             Error: Run jekyll build --trace for more information.[0m
      Regenerating: 2 file(s) changed at 2015-07-24 23:42:25 ...done in 1.064862 seconds.
      Regenerating: 1 file(s) changed at 2015-07-24 23:42:26 ...done in 1.047979 seconds.
      Regenerating: 1 file(s) changed at 2015-07-24 23:43:54 ...done in 0.991961 seconds.
      Regenerating: 3 file(s) changed at 2015-07-24 23:43:58 ...done in 1.064749 seconds.
      Regenerating: 1 file(s) changed at 2015-07-24 23:43:59 ...done in 1.031355 seconds.
      Regenerating: 2 file(s) changed at 2015-07-24 23:48:13 ...error:
[33m             Error: undefined method `attr' for nil:NilClass[0m
[33m             Error: Run jekyll build --trace for more information.[0m
      Regenerating: 2 file(s) changed at 2015-07-24 23:48:14 ...done in 1.095979 seconds.
      Regenerating: 1 file(s) changed at 2015-07-24 23:48:15 ...done in 0.95982 seconds.
      Regenerating: 2 file(s) changed at 2015-07-24 23:48:20 ...done in 0.900628 seconds.
      Regenerating: 2 file(s) changed at 2015-07-24 23:48:24 ...done in 0.973876 seconds.
      Regenerating: 2 file(s) changed at 2015-07-24 23:48:27 ...done in 0.909855 seconds.
      Regenerating: 1 file(s) changed at 2015-07-24 23:48:29 ...done in 0.905477 seconds.
      Regenerating: 2 file(s) changed at 2015-07-24 23:48:30 ...done in 1.098635 seconds.
      Regenerating: 2 file(s) changed at 2015-07-24 23:48:36 ...done in 1.085444 seconds.
      Regenerating: 2 file(s) changed at 2015-07-24 23:48:41 ...done in 0.982736 seconds.
      Regenerating: 1 file(s) changed at 2015-07-24 23:48:42 ...done in 1.055528 seconds.
      Regenerating: 2 file(s) changed at 2015-07-24 23:48:44 ...done in 0.921084 seconds.
      Regenerating: 2 file(s) changed at 2015-07-24 23:48:47 ...done in 0.965261 seconds.
      Regenerating: 1 file(s) changed at 2015-07-24 23:48:48 ...done in 0.974261 seconds.
      Regenerating: 2 file(s) changed at 2015-07-24 23:48:49 ...done in 0.928799 seconds.
      Regenerating: 2 file(s) changed at 2015-07-24 23:53:43 ...done in 1.063835 seconds.
      Regenerating: 2 file(s) changed at 2015-07-24 23:53:46 ...done in 0.998408 seconds.
      Regenerating: 2 file(s) changed at 2015-07-24 23:54:02 ...done in 0.983564 seconds.
      Regenerating: 1 file(s) changed at 2015-07-24 23:54:03 ...done in 0.988112 seconds.
      Regenerating: 2 file(s) changed at 2015-07-24 23:54:07 ...done in 0.914132 seconds.
      Regenerating: 1 file(s) changed at 2015-07-24 23:54:08 ...done in 0.956684 seconds.
      Regenerating: 2 file(s) changed at 2015-07-24 23:54:09 ...done in 0.949511 seconds.
      Regenerating: 2 file(s) changed at 2015-07-24 23:54:12 ...done in 0.918798 seconds.
      Regenerating: 1 file(s) changed at 2015-07-24 23:54:42 ...done in 0.924294 seconds.
      Regenerating: 1 file(s) changed at 2015-07-24 23:54:43 ...done in 1.037947 seconds.
      Regenerating: 2 file(s) changed at 2015-07-24 23:55:01 ...done in 0.965118 seconds.
      Regenerating: 1 file(s) changed at 2015-07-24 23:55:02 ...done in 0.990445 seconds.
      Regenerating: 2 file(s) changed at 2015-07-24 23:55:03 ...done in 0.93036 seconds.
      Regenerating: 2 file(s) changed at 2015-07-24 23:55:10 ...done in 0.877423 seconds.
      Regenerating: 2 file(s) changed at 2015-07-24 23:55:20 ...done in 0.893259 seconds.
      Regenerating: 2 file(s) changed at 2015-07-24 23:55:27 ...done in 0.952499 seconds.
      Regenerating: 1 file(s) changed at 2015-07-24 23:55:28 ...done in 1.013355 seconds.
      Regenerating: 1 file(s) changed at 2015-07-24 23:55:29 ...done in 0.969325 seconds.
      Regenerating: 2 file(s) changed at 2015-07-24 23:55:30 ...done in 0.95741 seconds.
      Regenerating: 2 file(s) changed at 2015-07-24 23:55:32 ...done in 0.946926 seconds.
      Regenerating: 1 file(s) changed at 2015-07-24 23:55:33 ...done in 0.943303 seconds.
      Regenerating: 2 file(s) changed at 2015-07-24 23:55:34 ...done in 0.922116 seconds.
      Regenerating: 2 file(s) changed at 2015-07-24 23:55:44 ...done in 0.918716 seconds.
      Regenerating: 1 file(s) changed at 2015-07-24 23:55:47 ...done in 0.918967 seconds.
      Regenerating: 1 file(s) changed at 2015-07-24 23:55:51 ...done in 1.054892 seconds.
      Regenerating: 2 file(s) changed at 2015-07-24 23:55:52 ...done in 0.995704 seconds.
      Regenerating: 1 file(s) changed at 2015-07-24 23:55:53 ...done in 0.907132 seconds.
      Regenerating: 2 file(s) changed at 2015-07-24 23:56:06 ...done in 0.940139 seconds.
      Regenerating: 1 file(s) changed at 2015-07-24 23:56:07 ...done in 0.954525 seconds.
      Regenerating: 2 file(s) changed at 2015-07-24 23:56:14 ...done in 0.889419 seconds.
      Regenerating: 2 file(s) changed at 2015-07-24 23:56:21 ...done in 0.955186 seconds.
      Regenerating: 2 file(s) changed at 2015-07-24 23:56:28 ...done in 0.952085 seconds.
      Regenerating: 1 file(s) changed at 2015-07-24 23:56:29 ...done in 0.984195 seconds.
      Regenerating: 2 file(s) changed at 2015-07-24 23:56:33 ...done in 0.872909 seconds.
      Regenerating: 2 file(s) changed at 2015-07-24 23:56:36 ...done in 0.908061 seconds.
      Regenerating: 2 file(s) changed at 2015-07-24 23:58:52 ...done in 1.064653 seconds.
      Regenerating: 2 file(s) changed at 2015-07-24 23:58:58 ...done in 0.985705 seconds.
      Regenerating: 1 file(s) changed at 2015-07-24 23:58:59 ...done in 0.974696 seconds.
      Regenerating: 2 file(s) changed at 2015-07-24 23:59:03 ...done in 1.054101 seconds.
      Regenerating: 2 file(s) changed at 2015-07-24 23:59:06 ...done in 0.906712 seconds.
      Regenerating: 2 file(s) changed at 2015-07-24 23:59:20 ...done in 1.051722 seconds.
      Regenerating: 2 file(s) changed at 2015-07-24 23:59:45 ...done in 0.952951 seconds.
      Regenerating: 2 file(s) changed at 2015-07-24 23:59:49 ...done in 0.914983 seconds.
      Regenerating: 1 file(s) changed at 2015-07-24 23:59:50 ...done in 0.938352 seconds.
      Regenerating: 2 file(s) changed at 2015-07-24 23:59:51 ...done in 0.946897 seconds.
      Regenerating: 2 file(s) changed at 2015-07-24 23:59:57 ...done in 1.137352 seconds.
      Regenerating: 2 file(s) changed at 2015-07-25 00:00:12 ...done in 1.187213 seconds.
      Regenerating: 2 file(s) changed at 2015-07-25 00:00:20 ...done in 0.938677 seconds.
      Regenerating: 1 file(s) changed at 2015-07-25 00:00:21 ...done in 0.98816 seconds.
      Regenerating: 1 file(s) changed at 2015-07-25 00:00:46 ...done in 0.940826 seconds.
      Regenerating: 2 file(s) changed at 2015-07-25 00:00:50 ...done in 0.967619 seconds.
      Regenerating: 1 file(s) changed at 2015-07-25 00:00:51 ...done in 0.959726 seconds.
      Regenerating: 2 file(s) changed at 2015-07-25 00:00:53 ...done in 0.984557 seconds.
      Regenerating: 1 file(s) changed at 2015-07-25 00:01:05 ...done in 0.965812 seconds.
      Regenerating: 3 file(s) changed at 2015-07-25 00:01:06 ...done in 0.936887 seconds.
      Regenerating: 2 file(s) changed at 2015-07-25 00:03:51 ...done in 1.104006 seconds.
      Regenerating: 1 file(s) changed at 2015-07-25 00:03:52 ...done in 1.05752 seconds.
      Regenerating: 2 file(s) changed at 2015-07-25 00:04:04 ...done in 1.021643 seconds.
      Regenerating: 1 file(s) changed at 2015-07-25 00:04:05 ...done in 0.985907 seconds.
      Regenerating: 2 file(s) changed at 2015-07-25 00:04:23 WARNING on line 9 of /Users/hiogawa/repositories/github_public/myblog/_sass/_my-style.sass:
This selector doesn't have any properties and will not be rendered.
...done in 1.022533 seconds.
      Regenerating: 1 file(s) changed at 2015-07-25 00:04:24 ...done in 1.077482 seconds.
      Regenerating: 2 file(s) changed at 2015-07-25 00:04:36 ...done in 1.154211 seconds.
      Regenerating: 1 file(s) changed at 2015-07-25 00:04:37 ...done in 1.022866 seconds.
      Regenerating: 2 file(s) changed at 2015-07-25 00:05:09 ...done in 1.000235 seconds.
      Regenerating: 1 file(s) changed at 2015-07-25 00:05:10 ...done in 1.052907 seconds.
      Regenerating: 3 file(s) changed at 2015-07-25 00:05:11 ...done in 1.043398 seconds.
      Regenerating: 2 file(s) changed at 2015-07-25 00:05:34 ...done in 1.015952 seconds.
      Regenerating: 1 file(s) changed at 2015-07-25 00:05:35 ...done in 1.046706 seconds.
      Regenerating: 2 file(s) changed at 2015-07-25 00:05:43 WARNING on line 13 of /Users/hiogawa/repositories/github_public/myblog/_sass/_my-style.sass:
This selector doesn't have any properties and will not be rendered.
...done in 1.043839 seconds.
      Regenerating: 2 file(s) changed at 2015-07-25 00:05:44 ...done in 1.061807 seconds.
      Regenerating: 2 file(s) changed at 2015-07-25 00:07:32 WARNING on line 8 of /Users/hiogawa/repositories/github_public/myblog/_sass/_my-style.sass:
This selector doesn't have any properties and will not be rendered.
...done in 1.315375 seconds.
      Regenerating: 1 file(s) changed at 2015-07-25 00:07:33 ...done in 1.388518 seconds.
      Regenerating: 2 file(s) changed at 2015-07-25 00:08:01 WARNING on line 15 of /Users/hiogawa/repositories/github_public/myblog/_sass/_my-style.sass:
This selector doesn't have any properties and will not be rendered.
...done in 1.097225 seconds.
      Regenerating: 1 file(s) changed at 2015-07-25 00:08:02 ...done in 1.064112 seconds.
      Regenerating: 2 file(s) changed at 2015-07-25 00:08:04 ...done in 1.054138 seconds.
      Regenerating: 2 file(s) changed at 2015-07-25 00:08:05 ...done in 1.074151 seconds.
      Regenerating: 3 file(s) changed at 2015-07-25 00:08:07 ...done in 1.246958 seconds.
      Regenerating: 2 file(s) changed at 2015-07-25 00:08:12 ...done in 1.170056 seconds.
      Regenerating: 1 file(s) changed at 2015-07-25 00:08:13 ...done in 1.11527 seconds.
      Regenerating: 1 file(s) changed at 2015-07-25 00:09:28 ...done in 1.127406 seconds.
      Regenerating: 1 file(s) changed at 2015-07-25 00:09:29 ...done in 1.119063 seconds.
      Regenerating: 1 file(s) changed at 2015-07-25 00:11:26 [31m  Conversion error: Jekyll::Converters::Scss encountered an error while converting 'css/main.scss':[0m
[31m                    Inconsistent indentation: 2 spaces were used for indentation, but the rest of the document was indented using 4 spaces.[0m
...error:
[33m             Error: Inconsistent indentation: 2 spaces were used for indentation, but the rest of the document was indented using 4 spaces.[0m
[33m             Error: Run jekyll build --trace for more information.[0m
      Regenerating: 1 file(s) changed at 2015-07-25 00:11:27 [31m  Conversion error: Jekyll::Converters::Scss encountered an error while converting 'css/main.scss':[0m
[31m                    Inconsistent indentation: 2 spaces were used for indentation, but the rest of the document was indented using 4 spaces.[0m
...error:
[33m             Error: Inconsistent indentation: 2 spaces were used for indentation, but the rest of the document was indented using 4 spaces.[0m
[33m             Error: Run jekyll build --trace for more information.[0m
      Regenerating: 2 file(s) changed at 2015-07-25 00:11:29 [31m  Conversion error: Jekyll::Converters::Scss encountered an error while converting 'css/main.scss':[0m
[31m                    Inconsistent indentation: 2 spaces were used for indentation, but the rest of the document was indented using 4 spaces.[0m
...error:
[33m             Error: Inconsistent indentation: 2 spaces were used for indentation, but the rest of the document was indented using 4 spaces.[0m
[33m             Error: Run jekyll build --trace for more information.[0m
      Regenerating: 1 file(s) changed at 2015-07-25 00:11:31 [31m  Conversion error: Jekyll::Converters::Scss encountered an error while converting 'css/main.scss':[0m
[31m                    Inconsistent indentation: 2 spaces were used for indentation, but the rest of the document was indented using 4 spaces.[0m
...error:
[33m             Error: Inconsistent indentation: 2 spaces were used for indentation, but the rest of the document was indented using 4 spaces.[0m
[33m             Error: Run jekyll build --trace for more information.[0m
      Regenerating: 2 file(s) changed at 2015-07-25 00:11:34 ...done in 1.141242 seconds.
      Regenerating: 2 file(s) changed at 2015-07-25 00:11:35 ...done in 1.062456 seconds.
      Regenerating: 1 file(s) changed at 2015-07-25 00:11:36 ...done in 1.055245 seconds.
      Regenerating: 2 file(s) changed at 2015-07-25 00:11:45 ...done in 1.435055 seconds.
      Regenerating: 1 file(s) changed at 2015-07-25 00:11:47 ...done in 1.376153 seconds.
      Regenerating: 2 file(s) changed at 2015-07-25 00:11:50 ...done in 1.082569 seconds.
      Regenerating: 3 file(s) changed at 2015-07-25 00:11:52 ...done in 1.21361 seconds.
      Regenerating: 2 file(s) changed at 2015-07-25 00:11:57 ...done in 1.060885 seconds.
      Regenerating: 2 file(s) changed at 2015-07-25 00:11:58 ...done in 1.091604 seconds.
      Regenerating: 3 file(s) changed at 2015-07-25 00:12:00 ...done in 1.321556 seconds.
      Regenerating: 1 file(s) changed at 2015-07-25 00:12:49 ...done in 1.102377 seconds.
      Regenerating: 2 file(s) changed at 2015-07-25 00:12:50 WARNING on line 1 of /Users/hiogawa/repositories/github_public/myblog/_sass/_my-style.sass:
This selector doesn't have any properties and will not be rendered.
...done in 1.093902 seconds.
      Regenerating: 3 file(s) changed at 2015-07-25 00:12:51 ...done in 1.066748 seconds.
      Regenerating: 2 file(s) changed at 2015-07-25 00:13:01 [31m  Conversion error: Jekyll::Converters::Scss encountered an error while converting 'css/main.scss':[0m
[31m                    Invalid property: "font-family:" (no value).[0m
...error:
[33m             Error: Invalid property: "font-family:" (no value).[0m
[33m             Error: Run jekyll build --trace for more information.[0m
      Regenerating: 1 file(s) changed at 2015-07-25 00:13:02 [31m  Conversion error: Jekyll::Converters::Scss encountered an error while converting 'css/main.scss':[0m
[31m                    Invalid property: "font-family:" (no value).[0m
...error:
[33m             Error: Invalid property: "font-family:" (no value).[0m
[33m             Error: Run jekyll build --trace for more information.[0m
      Regenerating: 2 file(s) changed at 2015-07-25 00:14:55 [31m  Conversion error: Jekyll::Converters::Scss encountered an error while converting 'css/main.scss':[0m
[31m                    Invalid property: "font-family:" (no value).[0m
...error:
[33m             Error: Invalid property: "font-family:" (no value).[0m
[33m             Error: Run jekyll build --trace for more information.[0m
      Regenerating: 2 file(s) changed at 2015-07-25 00:15:01 ...done in 1.279759 seconds.
      Regenerating: 1 file(s) changed at 2015-07-25 00:15:03 ...done in 1.445719 seconds.
      Regenerating: 2 file(s) changed at 2015-07-25 00:15:09 ...done in 1.502057 seconds.
      Regenerating: 1 file(s) changed at 2015-07-25 00:15:10 ...done in 1.389715 seconds.
      Regenerating: 2 file(s) changed at 2015-07-25 00:15:15 ...done in 1.695857 seconds.
      Regenerating: 1 file(s) changed at 2015-07-25 00:15:17 ...done in 1.614425 seconds.
      Regenerating: 2 file(s) changed at 2015-07-25 00:15:20 ...done in 1.82084 seconds.
      Regenerating: 2 file(s) changed at 2015-07-25 00:15:22 ...done in 1.474147 seconds.
      Regenerating: 1 file(s) changed at 2015-07-25 00:16:12 ...done in 1.195866 seconds.
      Regenerating: 1 file(s) changed at 2015-07-25 00:16:13 ...done in 1.071625 seconds.
      Regenerating: 1 file(s) changed at 2015-07-25 00:16:31 ...done in 1.104067 seconds.
      Regenerating: 1 file(s) changed at 2015-07-25 00:16:33 ...done in 1.069282 seconds.
      Regenerating: 2 file(s) changed at 2015-07-25 00:17:50 ...done in 1.040837 seconds.
      Regenerating: 1 file(s) changed at 2015-07-25 00:17:51 ...done in 1.126677 seconds.
      Regenerating: 2 file(s) changed at 2015-07-25 00:18:25 ...done in 1.112733 seconds.
      Regenerating: 1 file(s) changed at 2015-07-25 00:18:27 ...done in 1.215696 seconds.
      Regenerating: 2 file(s) changed at 2015-07-25 00:18:38 [31m  Conversion error: Jekyll::Converters::Scss encountered an error while converting 'css/main.scss':[0m
[31m                    Invalid property: "font-family:" (no value).[0m
...error:
[33m             Error: Invalid property: "font-family:" (no value).[0m
[33m             Error: Run jekyll build --trace for more information.[0m
      Regenerating: 1 file(s) changed at 2015-07-25 00:18:39 ...done in 1.035105 seconds.
      Regenerating: 3 file(s) changed at 2015-07-25 00:18:40 ...done in 1.049095 seconds.
      Regenerating: 1 file(s) changed at 2015-07-25 00:19:38 ...done in 0.995333 seconds.
      Regenerating: 3 file(s) changed at 2015-07-25 00:19:40 ...done in 1.132534 seconds.
      Regenerating: 1 file(s) changed at 2015-07-25 00:19:41 ...done in 1.617895 seconds.
      Regenerating: 2 file(s) changed at 2015-07-25 00:19:53 ...done in 1.488796 seconds.
      Regenerating: 1 file(s) changed at 2015-07-25 00:19:54 ...done in 1.170661 seconds.
      Regenerating: 2 file(s) changed at 2015-07-25 00:21:07 ...done in 1.13084 seconds.
      Regenerating: 2 file(s) changed at 2015-07-25 00:21:09 ...done in 1.031816 seconds.
      Regenerating: 2 file(s) changed at 2015-07-25 00:21:12 ...done in 1.038684 seconds.
      Regenerating: 1 file(s) changed at 2015-07-25 00:21:13 ...done in 1.048453 seconds.
      Regenerating: 2 file(s) changed at 2015-07-25 00:21:15 ...done in 1.104483 seconds.
      Regenerating: 2 file(s) changed at 2015-07-25 00:21:16 ...done in 1.248851 seconds.
      Regenerating: 3 file(s) changed at 2015-07-25 00:21:18 ...done in 1.048418 seconds.
      Regenerating: 2 file(s) changed at 2015-07-25 00:21:26 ...done in 1.063957 seconds.
      Regenerating: 1 file(s) changed at 2015-07-25 00:21:27 ...done in 1.08339 seconds.
      Regenerating: 2 file(s) changed at 2015-07-25 00:22:05 ...done in 1.043629 seconds.
      Regenerating: 1 file(s) changed at 2015-07-25 00:22:06 ...done in 1.06095 seconds.
      Regenerating: 2 file(s) changed at 2015-07-25 00:22:08 ...done in 1.176025 seconds.
      Regenerating: 1 file(s) changed at 2015-07-25 00:22:09 ...done in 1.151458 seconds.
      Regenerating: 1 file(s) changed at 2015-07-25 00:22:11 ...done in 1.100026 seconds.
      Regenerating: 1 file(s) changed at 2015-07-25 00:22:14 ...done in 1.096886 seconds.
      Regenerating: 1 file(s) changed at 2015-07-25 00:22:16 ...done in 1.143531 seconds.
      Regenerating: 2 file(s) changed at 2015-07-25 00:22:22 ...done in 1.060753 seconds.
      Regenerating: 1 file(s) changed at 2015-07-25 00:22:23 ...done in 1.069564 seconds.
      Regenerating: 3 file(s) changed at 2015-07-25 00:22:24 ...done in 1.007243 seconds.
      Regenerating: 1 file(s) changed at 2015-07-25 00:23:29 ...done in 1.393828 seconds.
      Regenerating: 1 file(s) changed at 2015-07-25 00:23:31 ...done in 1.148307 seconds.
      Regenerating: 1 file(s) changed at 2015-07-25 00:24:17 ...done in 1.131882 seconds.
      Regenerating: 3 file(s) changed at 2015-07-25 00:24:21 ...done in 1.139043 seconds.
      Regenerating: 2 file(s) changed at 2015-07-25 00:24:22 ...done in 1.149842 seconds.
      Regenerating: 2 file(s) changed at 2015-07-25 00:24:24 ...done in 1.122782 seconds.
      Regenerating: 1 file(s) changed at 2015-07-25 00:24:25 ...done in 1.134647 seconds.
      Regenerating: 2 file(s) changed at 2015-07-25 00:24:44 ...done in 1.061256 seconds.
      Regenerating: 2 file(s) changed at 2015-07-25 00:27:03 ...done in 1.215381 seconds.
      Regenerating: 2 file(s) changed at 2015-07-25 00:27:35 ...done in 1.172274 seconds.
      Regenerating: 1 file(s) changed at 2015-07-25 00:27:36 ...done in 1.070071 seconds.
      Regenerating: 2 file(s) changed at 2015-07-25 00:27:42 ...done in 1.068795 seconds.
      Regenerating: 2 file(s) changed at 2015-07-25 00:27:43 ...done in 1.071345 seconds.
      Regenerating: 1 file(s) changed at 2015-07-25 00:27:44 ...done in 1.120407 seconds.
      Regenerating: 2 file(s) changed at 2015-07-25 00:27:46 ...done in 1.182745 seconds.
      Regenerating: 2 file(s) changed at 2015-07-25 00:27:47 ...done in 1.113179 seconds.
      Regenerating: 2 file(s) changed at 2015-07-25 00:27:49 ...done in 1.112662 seconds.
      Regenerating: 2 file(s) changed at 2015-07-25 00:27:50 ...done in 1.097838 seconds.
      Regenerating: 2 file(s) changed at 2015-07-25 00:28:07 ...done in 1.087353 seconds.
      Regenerating: 2 file(s) changed at 2015-07-25 00:28:08 ...done in 1.533259 seconds.
      Regenerating: 1 file(s) changed at 2015-07-25 00:28:10 ...done in 1.354743 seconds.
      Regenerating: 2 file(s) changed at 2015-07-25 00:28:14 ...done in 1.099853 seconds.
      Regenerating: 1 file(s) changed at 2015-07-25 00:28:15 ...done in 1.289244 seconds.
