I'm waiting a request at localhost:4010/
I'm waiting a request at localhost:4010/
I'm waiting a request at localhost:4010/
coming post data : {"sender":"chrome","lineno":"57","path":"/Users/hiogawa/repositories/github_public/myblog/_drafts/2015-07-21-to-do.md"}

coming post data : {"sender":"chrome","lineno":"11","path":"/Users/hiogawa/repositories/github_public/myblog/_posts/2015-07-24-ruby-basics.md"}

coming post data : {"sender":"chrome","lineno":"24","path":"/Users/hiogawa/repositories/github_public/myblog/_drafts/2015-07-21-to-do.md"}

coming post data : {"sender":"chrome","lineno":"96","path":"/Users/hiogawa/repositories/github_public/myblog/_posts/2015-07-24-jekyll-sync-with-emacs.md"}

coming post data : {"sender":"chrome","lineno":"96","path":"/Users/hiogawa/repositories/github_public/myblog/_posts/2015-07-24-jekyll-sync-with-emacs.md"}

coming post data : {"sender":"chrome","lineno":"19","path":"/Users/hiogawa/repositories/github_public/myblog/_posts/2015-07-21-jekyll-setup.md"}

coming post data : {"sender":"chrome","lineno":"15","path":"/Users/hiogawa/repositories/github_public/myblog/_drafts/2015-07-21-to-do.md"}

coming post data : {"sender":"chrome","lineno":"19","path":"/Users/hiogawa/repositories/github_public/myblog/_posts/2015-07-21-jekyll-setup.md"}

coming post data : {"sender":"chrome","lineno":"31","path":"/Users/hiogawa/repositories/github_public/myblog/_posts/2015-07-24-jekyll-sync-with-emacs.md"}

coming post data : {"sender":"chrome","lineno":"43","path":"/Users/hiogawa/repositories/github_public/myblog/_posts/2015-07-24-jekyll-sync-with-emacs.md"}

coming post data : {"sender":"chrome","lineno":"19","path":"/Users/hiogawa/repositories/github_public/myblog/_posts/2015-07-21-jekyll-setup.md"}

coming post data : {"sender":"chrome","lineno":"20","path":"/Users/hiogawa/repositories/github_public/myblog/_posts/2015-07-24-jekyll-sync-with-emacs.md"}

coming post data : {"sender":"chrome","lineno":"22","path":"/Users/hiogawa/repositories/github_public/myblog/_posts/2015-07-21-jekyll-setup.md"}

coming post data : {"sender":"chrome","lineno":"42","path":"/Users/hiogawa/repositories/github_public/myblog/_posts/2015-07-21-jekyll-setup.md"}

coming post data : {"sender":"chrome","lineno":"9","path":"/Users/hiogawa/repositories/github_public/myblog/_posts/2015-07-21-jekyll-setup.md"}

coming post data : {"sender":"chrome","lineno":"127","path":"/Users/hiogawa/repositories/github_public/myblog/_posts/2015-07-21-jekyll-setup.md"}

coming post data : {"sender":"chrome","lineno":"22","path":"/Users/hiogawa/repositories/github_public/myblog/_posts/2015-07-21-jekyll-setup.md"}

coming post data : {"sender":"chrome","lineno":"9","path":"/Users/hiogawa/repositories/github_public/myblog/_posts/2015-07-21-jekyll-setup.md"}

coming post data : {"sender":"chrome","lineno":"22","path":"/Users/hiogawa/repositories/github_public/myblog/_posts/2015-07-21-jekyll-setup.md"}

coming post data : {"sender":"chrome","lineno":"68","path":"/Users/hiogawa/repositories/github_public/myblog/_posts/2015-07-21-jekyll-setup.md"}

coming post data : {"sender":"chrome","lineno":"58","path":"/Users/hiogawa/repositories/github_public/myblog/_posts/2015-07-21-jekyll-setup.md"}

coming post data : {"sender":"chrome","lineno":"22","path":"/Users/hiogawa/repositories/github_public/myblog/_posts/2015-07-21-jekyll-setup.md"}

coming post data : {"sender":"chrome","lineno":"9","path":"/Users/hiogawa/repositories/github_public/myblog/_posts/2015-07-21-jekyll-setup.md"}

coming post data : {"sender":"chrome","lineno":"42","path":"/Users/hiogawa/repositories/github_public/myblog/_posts/2015-07-21-jekyll-setup.md"}

coming post data : {"sender":"chrome","lineno":"42","path":"/Users/hiogawa/repositories/github_public/myblog/_posts/2015-07-21-jekyll-setup.md"}

